<?xml version="1.0" encoding="utf-8"?>
<testsuites errors="0" failures="0" skipped="0" tests="4" time="112.196165">
  <testsuite name="schemathesis" hostname="maamaa-latitude-e7470" errors="0" failures="0" skipped="0" tests="4" time="112.196165">
    <testcase name="POST /api/analyze" time="10.198429" />
    <testcase name="POST /api/paths" time="10.526669" />
    <testcase name="GET /api/graph/{id}" time="38.608888" />
    <testcase name="Stateful tests" time="52.862179" />
  </testsuite>
</testsuites>